ARM GAS  /var/folders/kj/yzqgq53j3dg15vgwwwwgf5s00000gn/T//cc2AzZs6.s 			page 1


   1              		.cpu cortex-m4
   2              		.eabi_attribute 27, 1
   3              		.eabi_attribute 28, 1
   4              		.eabi_attribute 20, 1
   5              		.eabi_attribute 21, 1
   6              		.eabi_attribute 23, 3
   7              		.eabi_attribute 24, 1
   8              		.eabi_attribute 25, 1
   9              		.eabi_attribute 26, 1
  10              		.eabi_attribute 30, 6
  11              		.eabi_attribute 34, 1
  12              		.eabi_attribute 18, 4
  13              		.file	"logger.c"
  14              		.text
  15              	.Ltext0:
  16              		.cfi_sections	.debug_frame
  17              		.section	.bss.handle,"aw",%nobits
  18              		.align	2
  21              	handle:
  22 0000 00000000 		.space	64
  22      00000000 
  22      00000000 
  22      00000000 
  22      00000000 
  23              		.section	.text.logger_write,"ax",%progbits
  24              		.align	1
  25              		.global	logger_write
  26              		.arch armv7e-m
  27              		.syntax unified
  28              		.thumb
  29              		.thumb_func
  30              		.fpu fpv4-sp-d16
  32              	logger_write:
  33              	.LFB138:
  34              		.file 1 "../src/logger.c"
   1:../src/logger.c **** #include "logger.h"
   2:../src/logger.c **** 
   3:../src/logger.c **** #include "bsp.h"
   4:../src/logger.c **** #include "com.h"
   5:../src/logger.c **** 
   6:../src/logger.c **** #include <string.h>
   7:../src/logger.c **** 
   8:../src/logger.c **** static wst_uart_handle_t handle;
   9:../src/logger.c **** 
  10:../src/logger.c **** #define UART_TX_BUFFER_SIZE  512
  11:../src/logger.c **** 
  12:../src/logger.c **** void logger_write(char *string)
  13:../src/logger.c **** {
  35              		.loc 1 13 1
  36              		.cfi_startproc
  37              		@ args = 0, pretend = 0, frame = 16
  38              		@ frame_needed = 1, uses_anonymous_args = 0
  39 0000 80B5     		push	{r7, lr}
  40              	.LCFI0:
  41              		.cfi_def_cfa_offset 8
  42              		.cfi_offset 7, -8
  43              		.cfi_offset 14, -4
ARM GAS  /var/folders/kj/yzqgq53j3dg15vgwwwwgf5s00000gn/T//cc2AzZs6.s 			page 2


  44 0002 84B0     		sub	sp, sp, #16
  45              	.LCFI1:
  46              		.cfi_def_cfa_offset 24
  47 0004 00AF     		add	r7, sp, #0
  48              	.LCFI2:
  49              		.cfi_def_cfa_register 7
  50 0006 7860     		str	r0, [r7, #4]
  14:../src/logger.c ****   size_t length = strlen(string);
  51              		.loc 1 14 19
  52 0008 7868     		ldr	r0, [r7, #4]
  53 000a FFF7FEFF 		bl	strlen
  54 000e F860     		str	r0, [r7, #12]
  15:../src/logger.c **** 
  16:../src/logger.c ****   if (length > UART_TX_BUFFER_SIZE) {
  55              		.loc 1 16 6
  56 0010 FB68     		ldr	r3, [r7, #12]
  57 0012 B3F5007F 		cmp	r3, #512
  58 0016 05D9     		bls	.L2
  17:../src/logger.c ****     string[length-1] = '\0';
  59              		.loc 1 17 11
  60 0018 FB68     		ldr	r3, [r7, #12]
  61 001a 013B     		subs	r3, r3, #1
  62 001c 7A68     		ldr	r2, [r7, #4]
  63 001e 1344     		add	r3, r3, r2
  64              		.loc 1 17 22
  65 0020 0022     		movs	r2, #0
  66 0022 1A70     		strb	r2, [r3]
  67              	.L2:
  18:../src/logger.c ****   }
  19:../src/logger.c **** 
  20:../src/logger.c ****   bsp_uart_write(&handle, (uint8_t *)string, (uint16_t)length);
  68              		.loc 1 20 3
  69 0024 FB68     		ldr	r3, [r7, #12]
  70 0026 9BB2     		uxth	r3, r3
  71 0028 1A46     		mov	r2, r3
  72 002a 7968     		ldr	r1, [r7, #4]
  73 002c 0348     		ldr	r0, .L3
  74 002e FFF7FEFF 		bl	bsp_uart_write
  21:../src/logger.c **** }
  75              		.loc 1 21 1
  76 0032 00BF     		nop
  77 0034 1037     		adds	r7, r7, #16
  78              	.LCFI3:
  79              		.cfi_def_cfa_offset 8
  80 0036 BD46     		mov	sp, r7
  81              	.LCFI4:
  82              		.cfi_def_cfa_register 13
  83              		@ sp needed
  84 0038 80BD     		pop	{r7, pc}
  85              	.L4:
  86 003a 00BF     		.align	2
  87              	.L3:
  88 003c 00000000 		.word	handle
  89              		.cfi_endproc
  90              	.LFE138:
  92              		.section	.text.logger_init,"ax",%progbits
  93              		.align	1
ARM GAS  /var/folders/kj/yzqgq53j3dg15vgwwwwgf5s00000gn/T//cc2AzZs6.s 			page 3


  94              		.global	logger_init
  95              		.syntax unified
  96              		.thumb
  97              		.thumb_func
  98              		.fpu fpv4-sp-d16
 100              	logger_init:
 101              	.LFB139:
  22:../src/logger.c **** 
  23:../src/logger.c **** void logger_init(void)
  24:../src/logger.c **** {
 102              		.loc 1 24 1
 103              		.cfi_startproc
 104              		@ args = 0, pretend = 0, frame = 8
 105              		@ frame_needed = 1, uses_anonymous_args = 0
 106 0000 80B5     		push	{r7, lr}
 107              	.LCFI5:
 108              		.cfi_def_cfa_offset 8
 109              		.cfi_offset 7, -8
 110              		.cfi_offset 14, -4
 111 0002 82B0     		sub	sp, sp, #8
 112              	.LCFI6:
 113              		.cfi_def_cfa_offset 16
 114 0004 00AF     		add	r7, sp, #0
 115              	.LCFI7:
 116              		.cfi_def_cfa_register 7
 117              	.LBB2:
  25:../src/logger.c ****   #ifdef DEBUG
  26:../src/logger.c ****   WST_ERR_CHECK(bsp_uart_init(&handle));
 118              		.loc 1 26 3
 119 0006 0648     		ldr	r0, .L8
 120 0008 FFF7FEFF 		bl	bsp_uart_init
 121 000c 7860     		str	r0, [r7, #4]
 122 000e 7B68     		ldr	r3, [r7, #4]
 123 0010 002B     		cmp	r3, #0
 124 0012 01D0     		beq	.L7
 125              		.loc 1 26 3 is_stmt 0 discriminator 1
 126 0014 FFF7FEFF 		bl	error_handler
 127              	.L7:
 128              	.LBE2:
  27:../src/logger.c ****   #endif
  28:../src/logger.c **** }
 129              		.loc 1 28 1 is_stmt 1
 130 0018 00BF     		nop
 131 001a 0837     		adds	r7, r7, #8
 132              	.LCFI8:
 133              		.cfi_def_cfa_offset 8
 134 001c BD46     		mov	sp, r7
 135              	.LCFI9:
 136              		.cfi_def_cfa_register 13
 137              		@ sp needed
 138 001e 80BD     		pop	{r7, pc}
 139              	.L9:
 140              		.align	2
 141              	.L8:
 142 0020 00000000 		.word	handle
 143              		.cfi_endproc
 144              	.LFE139:
ARM GAS  /var/folders/kj/yzqgq53j3dg15vgwwwwgf5s00000gn/T//cc2AzZs6.s 			page 4


 146              		.text
 147              	.Letext0:
 148              		.file 2 "/usr/local/Caskroom/gcc-arm-embedded/9-2020-q2-update/gcc-arm-none-eabi-9-2020-q2-update/
 149              		.file 3 "/usr/local/Caskroom/gcc-arm-embedded/9-2020-q2-update/gcc-arm-none-eabi-9-2020-q2-update/
 150              		.file 4 "../../../../dependencies/stm/STM32F4_Cube/Drivers/CMSIS/Include/core_cm4.h"
 151              		.file 5 "../../../../dependencies/stm/STM32F4_Cube/Drivers/CMSIS/Device/ST/STM32F4xx/Include/syste
 152              		.file 6 "../../../../dependencies/stm/STM32F4_Cube/Drivers/CMSIS/Device/ST/STM32F4xx/Include/stm32
 153              		.file 7 "/usr/local/Caskroom/gcc-arm-embedded/9-2020-q2-update/gcc-arm-none-eabi-9-2020-q2-update/
 154              		.file 8 "../../../../dependencies/stm/STM32F4_Cube/Drivers/STM32F4xx_HAL_Driver/Inc/stm32f4xx_hal_
 155              		.file 9 "../../../../dependencies/stm/STM32F4_Cube/Drivers/STM32F4xx_HAL_Driver/Inc/stm32f4xx_hal_
 156              		.file 10 "../../../../dependencies/stm/STM32F4_Cube/Drivers/STM32F4xx_HAL_Driver/Inc/stm32f4xx_hal
 157              		.file 11 "../../../../dependencies/stm/STM32F4_Cube/Drivers/STM32F4xx_HAL_Driver/Inc/stm32f4xx_hal
 158              		.file 12 "/usr/local/Caskroom/gcc-arm-embedded/9-2020-q2-update/gcc-arm-none-eabi-9-2020-q2-update
 159              		.file 13 "/usr/local/Caskroom/gcc-arm-embedded/9-2020-q2-update/gcc-arm-none-eabi-9-2020-q2-update
 160              		.file 14 "/usr/local/Caskroom/gcc-arm-embedded/9-2020-q2-update/gcc-arm-none-eabi-9-2020-q2-update
 161              		.file 15 "../../../../development/system/boards/stm_dev_bsp/bsp.h"
ARM GAS  /var/folders/kj/yzqgq53j3dg15vgwwwwgf5s00000gn/T//cc2AzZs6.s 			page 5


DEFINED SYMBOLS
                            *ABS*:0000000000000000 logger.c
/var/folders/kj/yzqgq53j3dg15vgwwwwgf5s00000gn/T//cc2AzZs6.s:18     .bss.handle:0000000000000000 $d
/var/folders/kj/yzqgq53j3dg15vgwwwwgf5s00000gn/T//cc2AzZs6.s:21     .bss.handle:0000000000000000 handle
/var/folders/kj/yzqgq53j3dg15vgwwwwgf5s00000gn/T//cc2AzZs6.s:24     .text.logger_write:0000000000000000 $t
/var/folders/kj/yzqgq53j3dg15vgwwwwgf5s00000gn/T//cc2AzZs6.s:32     .text.logger_write:0000000000000000 logger_write
/var/folders/kj/yzqgq53j3dg15vgwwwwgf5s00000gn/T//cc2AzZs6.s:88     .text.logger_write:000000000000003c $d
/var/folders/kj/yzqgq53j3dg15vgwwwwgf5s00000gn/T//cc2AzZs6.s:93     .text.logger_init:0000000000000000 $t
/var/folders/kj/yzqgq53j3dg15vgwwwwgf5s00000gn/T//cc2AzZs6.s:100    .text.logger_init:0000000000000000 logger_init
/var/folders/kj/yzqgq53j3dg15vgwwwwgf5s00000gn/T//cc2AzZs6.s:142    .text.logger_init:0000000000000020 $d
                           .group:0000000000000000 wm4.0.ec2406cbd31d56f71e0243dbf4ad4862
                           .group:0000000000000000 wm4._newlib_version.h.4.1ef4e12f167f8b69d7c30054be56050d
                           .group:0000000000000000 wm4.features.h.33.318b64d71e0957639cfb30f1db1f7ec8
                           .group:0000000000000000 wm4._default_types.h.15.247e5cd201eca3442cbf5404108c4935
                           .group:0000000000000000 wm4._intsup.h.10.48bafbb683905c4daa4565a85aeeb264
                           .group:0000000000000000 wm4._stdint.h.10.c24fa3af3bc1706662bb5593a907e841
                           .group:0000000000000000 wm4.stdint.h.23.d53047a68f4a85177f80b422d52785ed
                           .group:0000000000000000 wm4.stm32f4xx_hal_conf.h.2.af8b2ca6b03807d43d9ddf9698d1361c
                           .group:0000000000000000 wm4.stm32f4xx.h.39.1b09cc4be5834e402f47d342f5416be4
                           .group:0000000000000000 wm4.stm32f412zx.h.35.d9913ab15c3cc42510cd85c75dd3c4eb
                           .group:0000000000000000 wm4.cmsis_version.h.32.4d5822004c01a829a975260e854b5f8e
                           .group:0000000000000000 wm4.core_cm4.h.66.e4ff136c4a17abc46741866f64f8e729
                           .group:0000000000000000 wm4.cmsis_gcc.h.26.f42444deefab66ffa141b9b9fddb57a3
                           .group:0000000000000000 wm4.core_cm4.h.174.059a5e001a9e729091d1407208e93224
                           .group:0000000000000000 wm4.mpu_armv7.h.32.27b4593cb2f8d3152ca5d97a9d72b321
                           .group:0000000000000000 wm4.stm32f412zx.h.838.7f7dacbfe2e2c88ca5202f260290d6c1
                           .group:0000000000000000 wm4.stm32f4xx.h.196.23c4e4a5d465a121178374b8f4182f7c
                           .group:0000000000000000 wm4.stm32_hal_legacy.h.23.394d12941f5a0482dbe3c36ee9e57b2b
                           .group:0000000000000000 wm4.stddef.h.39.144cf5ddcd53cbfdac30259dc1a6c87f
                           .group:0000000000000000 wm4.stm32f4xx_hal_def.h.58.2d2c85d5b9693a63e90566b806e8a752
                           .group:0000000000000000 wm4.stm32f4xx_hal_rcc_ex.h.22.fe15f7aa872c0ff0051d1df0fdd88661
                           .group:0000000000000000 wm4.stm32f4xx_hal_rcc.h.108.0c18a3cfc2dd91bdf92470b4bd0ea1b5
                           .group:0000000000000000 wm4.stm32f4xx_hal_exti.h.22.b6735b42221f61fdbfd800fa51550a85
                           .group:0000000000000000 wm4.stm32f4xx_hal_gpio.h.22.be2c6bcf9722096ea8f49a41bf6aa50c
                           .group:0000000000000000 wm4.stm32f4xx_hal_gpio_ex.h.22.5fac61f4372beb17c6941adb263493e1
                           .group:0000000000000000 wm4.stm32f4xx_hal_gpio.h.264.978ac12eab1d3b3400b35b8c427e2c33
                           .group:0000000000000000 wm4.stm32f4xx_hal_dma.h.22.fffce20ac9119c50557659c75e75ab1c
                           .group:0000000000000000 wm4.stm32f4xx_hal_dma.h.721.a1e57ffbc615f926e6509c5acc65e492
                           .group:0000000000000000 wm4.stm32f4xx_hal_cortex.h.22.e6aa3b847b5388be63c32d1f9e696ef7
                           .group:0000000000000000 wm4.stm32f4xx_hal_flash.h.22.31b301be2655c3eb8583e51c8231544a
                           .group:0000000000000000 wm4.stm32f4xx_hal_flash_ex.h.22.5016bda819f6a480c96be63516c36ab2
                           .group:0000000000000000 wm4.stm32f4xx_hal_flash.h.363.51efdf0f6c88f683efb89d7cc95cc1be
                           .group:0000000000000000 wm4.stm32f4xx_ll_fsmc.h.22.ed2b494a9a7d206deda6c53e626a4601
                           .group:0000000000000000 wm4.stm32f4xx_hal_i2c.h.22.7a518225417837eb3d0550cc95fa0a57
                           .group:0000000000000000 wm4.stm32f4xx_hal_i2c_ex.h.22.a90c9435159b7eaef7dc679da6295e14
                           .group:0000000000000000 wm4.stm32f4xx_hal_i2c.h.644.9d0aaa0659558fa97b5b5ac32630da6a
                           .group:0000000000000000 wm4.stm32f4xx_hal_pwr.h.22.2c27d93ae187efe3a73816f03a329970
                           .group:0000000000000000 wm4.stm32f4xx_hal_pwr_ex.h.22.a735ba4f49c5b2574a98d58f3b7ae925
                           .group:0000000000000000 wm4.stm32f4xx_hal_pwr.h.337.60b43975c84527a23cb6994b23165a5e
                           .group:0000000000000000 wm4.stm32f4xx_hal_spi.h.22.bc4a13b7a7ee3429db720a8d37eb1e5e
                           .group:0000000000000000 wm4.stm32f4xx_hal_tim.h.22.9c16860ec2cc7f3d941608a8f521bc4a
                           .group:0000000000000000 wm4.stm32f4xx_hal_tim_ex.h.22.2fde471485fd197eebc7c86251149c11
                           .group:0000000000000000 wm4.stm32f4xx_hal_uart.h.22.1edfd0da9670bd23245390d2a3da576d
                           .group:0000000000000000 wm4.stm32f4xx_hal.h.72.a5a58188aa461a0614f1e58e159c7840
                           .group:0000000000000000 wm4.stm32f4xx_nucleo_144.h.54.f0d042017bc81221aa085a20cf55c671
                           .group:0000000000000000 wm4.newlib.h.8.7cb3972cd43265932d4782d5eb589854
                           .group:0000000000000000 wm4.ieeefp.h.77.f33a4dce62116f6f5175ff8bae57a54c
ARM GAS  /var/folders/kj/yzqgq53j3dg15vgwwwwgf5s00000gn/T//cc2AzZs6.s 			page 6


                           .group:0000000000000000 wm4.config.h.224.c701144a7b0518c6ee9b9b5465b79f81
                           .group:0000000000000000 wm4._ansi.h.31.de524f58584151836e90d8620a16f8e8
                           .group:0000000000000000 wm4._types.h.20.dd0d04dca3800a0d2a6129b87f3adbb2
                           .group:0000000000000000 wm4.stddef.h.155.3588ebfdd1e8c7ede80509bb9c3b8009
                           .group:0000000000000000 wm4._types.h.127.34941de1b2539d59d5cac00e0dd27a45
                           .group:0000000000000000 wm4.reent.h.17.e292bf8b0bec6c96e131a54347145a30
                           .group:0000000000000000 wm4.lock.h.2.1461d1fff82dffe8bfddc23307f6484f
                           .group:0000000000000000 wm4.reent.h.77.dcd6129ff07fe81bd5636db29abe53b2
                           .group:0000000000000000 wm4.cdefs.h.49.75c8cf0da02add7669d4e6b77e254feb
                           .group:0000000000000000 wm4.string.h.15.dab3980bf35408a4c507182805e2de3a
                           .group:0000000000000000 wm4.stddef.h.155.ba788add86a0e365f264484f110c3c29
                           .group:0000000000000000 wm4.stdio.h.27.3fc80220048df77954e38daec3bb9670
                           .group:0000000000000000 wm4.stdarg.h.34.3a23a216c0c293b3d2ea2e89281481e6
                           .group:0000000000000000 wm4.types.h.40.8b6acba56cefbb11746718204edc8f5e
                           .group:0000000000000000 wm4._endian.h.31.65a10590763c3dde1ac4a7f66d7d4891
                           .group:0000000000000000 wm4.endian.h.9.49f3a4695c1b61e8a0808de3c4a106cb
                           .group:0000000000000000 wm4._timeval.h.32.bec3221fa7a9bb0bdde696c9c57e47d2
                           .group:0000000000000000 wm4.timespec.h.41.d855182eb0e690443ab8651bcedca6e1
                           .group:0000000000000000 wm4.select.h.19.97ca6fd0c752a0f3b6719fd314d361e6
                           .group:0000000000000000 wm4.types.h.51.5571ec98f267d17d3c670b7a3ba33afa
                           .group:0000000000000000 wm4.sched.h.22.c60982713a5c428609783c78f9c78d95
                           .group:0000000000000000 wm4._pthreadtypes.h.36.fcee9961c35163dde6267ef772ad1972
                           .group:0000000000000000 wm4.stdio.h.2.4aa87247282eca6c8f36f9de33d8df1a
                           .group:0000000000000000 wm4.stdio.h.81.932d0c162786b883f622b8d05c120c78
                           .group:0000000000000000 wm4.wst_common.h.9.8860a77277a68c3cc83109e96e83c7fb
                           .group:0000000000000000 wm4.bsp.h.21.9e5c882e28336308e70ed2ea2ef4c431
                           .group:0000000000000000 wm4.FreeRTOSConfig.h.2.efa69af35ff1ce1c2b556680ee99d891
                           .group:0000000000000000 wm4.projdefs.h.28.d6a7c9061b707820f2fcf4c2ff5d9f24
                           .group:0000000000000000 wm4.portmacro.h.30.0285ed3864ca8fd2e12d2b9aedd88dfd
                           .group:0000000000000000 wm4.portable.h.63.e9cc508c3850f44ce542149380c67812
                           .group:0000000000000000 wm4.mpu_wrappers.h.28.163fb40577cf8d1578015ea3f2ff4cdb
                           .group:0000000000000000 wm4.FreeRTOS.h.67.b174ccccfb8001b827e8ddeee1ca37a2
                           .group:0000000000000000 wm4.list.h.57.02ec67e07eacffe5ca7cfb7326896236
                           .group:0000000000000000 wm4.task.h.47.2d3fe49a094b8ec1e3e6aac441e8db21
                           .group:0000000000000000 wm4.queue.h.66.45d4a3cf5de24cde7e732f8dad25383c
                           .group:0000000000000000 wm4.timers.h.29.025d268d6baf57298309e7b498ee1cc7
                           .group:0000000000000000 wm4.semphr.h.38.96f44691bfa19eb833944d3a35b81e54
                           .group:0000000000000000 wm4.com.h.15.68f97ab2f34c884c6815e65d0dd90bb3

UNDEFINED SYMBOLS
strlen
bsp_uart_write
bsp_uart_init
error_handler
